<?xml version="1.0" encoding="UTF-8"?>
<testng-results ignored="0" total="1" passed="1" failed="0" skipped="0">
  <reporter-output>
  </reporter-output>
  <suite started-at="2023-05-09T14:05:25 IST" name="Default suite" finished-at="2023-05-09T14:05:42 IST" duration-ms="16474">
    <groups>
    </groups>
    <test started-at="2023-05-09T14:05:25 IST" name="Default test" finished-at="2023-05-09T14:05:42 IST" duration-ms="16474">
      <class name="mobileappsoperations.Clickmethod">
        <test-method signature="launcher()[pri:0, instance:mobileappsoperations.Clickmethod@67c27493]" started-at="2023-05-09T14:05:26 IST" name="launcher" finished-at="2023-05-09T14:05:42 IST" duration-ms="16364" status="PASS">
          <reporter-output>
          </reporter-output>
        </test-method> <!-- launcher -->
      </class> <!-- mobileappsoperations.Clickmethod -->
    </test> <!-- Default test -->
  </suite> <!-- Default suite -->
</testng-results>
